<?xml version="1.0" encoding="UTF-8"?>
<!-- Generated by org.testng.reporters.JUnitReportReporter -->
<testsuite hostname="DESKTOP-SP8UJ8Q" failures="0" tests="4" name="script.Demo3" time="17.003" errors="0" timestamp="2022-08-03T22:25:17 IST" skipped="0">
  <testcase classname="script.Demo3" name="test3" time="4.056"/>
  <system-out>
    <![CDATA[Facebook – log in or sign up
A1
B1
C1]]>
  </system-out>
  <testcase classname="script.Demo3" name="test3" time="4.633"/>
  <system-out>
    <![CDATA[Facebook – log in or sign up
A3
 
C3]]>
  </system-out>
  <testcase classname="script.Demo3" name="test3" time="3.982"/>
  <system-out>
    <![CDATA[Facebook – log in or sign up
A4]]>
  </system-out>
  <testcase classname="script.Demo3" name="test3" time="4.332"/>
  <system-out>
    <![CDATA[Facebook – log in or sign up
A2
B2]]>
  </system-out>
</testsuite> <!-- script.Demo3 -->
