<?xml version="1.0" encoding="UTF-8"?>
<!-- Generated by org.testng.reporters.JUnitReportReporter -->
<testsuite hostname="DESKTOP-SP8UJ8Q" failures="0" tests="4" name="script1.Dem3" time="16.583" errors="0" timestamp="2022-08-03T21:12:12 IST" skipped="0">
  <testcase classname="script1.Dem3" name="test3" time="4.170"/>
  <system-out>
    <![CDATA[Facebook – log in or sign up
A4]]>
  </system-out>
  <testcase classname="script1.Dem3" name="test3" time="4.446"/>
  <system-out>
    <![CDATA[Facebook – log in or sign up
A3
 
C3]]>
  </system-out>
  <testcase classname="script1.Dem3" name="test3" time="3.771"/>
  <system-out>
    <![CDATA[Facebook – log in or sign up
A1
B1
C1]]>
  </system-out>
  <testcase classname="script1.Dem3" name="test3" time="4.196"/>
  <system-out>
    <![CDATA[Facebook – log in or sign up
A2
B2]]>
  </system-out>
</testsuite> <!-- script1.Dem3 -->
