<?xml version="1.0" encoding="UTF-8"?>
<!-- Generated by org.testng.reporters.JUnitReportReporter -->
<testsuite hostname="DESKTOP-SP8UJ8Q" failures="0" tests="3" name="script1.Dem2" time="12.372" errors="0" timestamp="2022-08-03T21:12:12 IST" skipped="0">
  <testcase classname="script1.Dem2" name="test2" time="3.556"/>
  <system-out>
    <![CDATA[Facebook – log in or sign up
A1
B1]]>
  </system-out>
  <testcase classname="script1.Dem2" name="test2" time="4.629"/>
  <system-out>
    <![CDATA[Facebook – log in or sign up
A3
B3]]>
  </system-out>
  <testcase classname="script1.Dem2" name="test2" time="4.187"/>
  <system-out>
    <![CDATA[Facebook – log in or sign up
A2
B2]]>
  </system-out>
</testsuite> <!-- script1.Dem2 -->
