<?xml version="1.0" encoding="UTF-8"?>
<!-- Generated by org.testng.reporters.JUnitReportReporter -->
<testsuite hostname="DESKTOP-SP8UJ8Q" failures="0" tests="1" name="script1.Dem1" time="5.586" errors="0" timestamp="2022-08-03T21:12:12 IST" skipped="0">
  <testcase classname="script1.Dem1" name="test1" time="5.586"/>
  <system-out>
    <![CDATA[Facebook â€“ log in or sign up
Syed
Ahad
Rabiya
Banu
Syed 
Tauseer]]>
  </system-out>
</testsuite> <!-- script1.Dem1 -->
