<?xml version="1.0" encoding="UTF-8"?>
<!-- Generated by org.testng.reporters.JUnitReportReporter -->
<testsuite hostname="DESKTOP-SP8UJ8Q" failures="0" tests="1" name="script.Demo4" time="0.325" errors="0" timestamp="2022-08-03T21:54:09 IST" skipped="0">
  <testcase classname="script.Demo4" name="test_report" time="0.325"/>
  <system-out/>
</testsuite> <!-- script.Demo4 -->
